Using pre-set license

 COMMAND LINE ARGUMENTS:
/Applications/Unity/Hub/Editor/2020.2.1f1/Unity.app/Contents/MacOS/Unity
-adb2
-batchMode
-noUpm
-name
AssetImportWorker0
-projectPath
/Users/jordan/Desktop/oeyj/oeyj/game230/Platformer
-logFile
Logs/AssetImportWorker0.log
-srvPort
49508
Successfully changed project path to: /Users/jordan/Desktop/oeyj/oeyj/game230/Platformer
/Users/jordan/Desktop/oeyj/oeyj/game230/Platformer
Using Asset Import Pipeline V2.
Refreshing native plugins compatible for Editor in 61.28 ms, found 2 plugins.
Preloading 0 native plugins for Editor in 0.00 ms.
Initialize engine version: 2020.2.1f1 (270dd8c3da1c)
[Subsystems] Discovering subsystems at path /Applications/Unity/Hub/Editor/2020.2.1f1/Unity.app/Contents/Resources/UnitySubsystems
[Subsystems] Discovering subsystems at path /Users/jordan/Desktop/oeyj/oeyj/game230/Platformer/Assets
GfxDevice: creating device client; threaded=0
2021-01-14 15:07:54.929 Unity[28193:1568206] Color LCD preferred device: Intel Iris Pro Graphics (low power)
2021-01-14 15:07:54.929 Unity[28193:1568206] Metal devices available: 1
2021-01-14 15:07:54.929 Unity[28193:1568206] 0: Intel Iris Pro Graphics (low power)
2021-01-14 15:07:54.929 Unity[28193:1568206] Using device Intel Iris Pro Graphics (low power)
Initializing Metal device caps: Intel Iris Pro Graphics
Initialize mono
Mono path[0] = '/Applications/Unity/Hub/Editor/2020.2.1f1/Unity.app/Contents/Managed'
Mono path[1] = '/Applications/Unity/Hub/Editor/2020.2.1f1/Unity.app/Contents/MonoBleedingEdge/lib/mono/unityjit'
Mono config path = '/Applications/Unity/Hub/Editor/2020.2.1f1/Unity.app/Contents/MonoBleedingEdge/etc'
Using monoOptions --debugger-agent=transport=dt_socket,embedding=1,server=y,suspend=n,address=127.0.0.1:56193
Begin MonoManager ReloadAssembly
Registering precompiled unity dll's ...
Register platform support module: /Applications/Unity/Hub/Editor/2020.2.1f1/Unity.app/Contents/PlaybackEngines/MacStandaloneSupport/UnityEditor.OSXStandalone.Extensions.dll
Registered in 0.000611 seconds.
Native extension for OSXStandalone target not found
Refreshing native plugins compatible for Editor in 50.41 ms, found 2 plugins.
Preloading 0 native plugins for Editor in 0.00 ms.
Invoked RoslynAnalysisRunner static constructor.
RoslynAnalysisRunner will not be running.
RoslynAnalysisRunner has terminated.
Mono: successfully reloaded assembly
- Completed reload, in  3.970 seconds
Platform modules already initialized, skipping
Registering precompiled user dll's ...
Registered in 0.000781 seconds.
Begin MonoManager ReloadAssembly
Native extension for OSXStandalone target not found
Refreshing native plugins compatible for Editor in 49.78 ms, found 2 plugins.
Preloading 0 native plugins for Editor in 0.00 ms.
Invoked RoslynAnalysisRunner static constructor.
RoslynAnalysisRunner will not be running.
RoslynAnalysisRunner has terminated.
Mono: successfully reloaded assembly
- Completed reload, in  1.553 seconds
Platform modules already initialized, skipping
========================================================================
Worker process is ready to serve import requests
Launching external process: /Applications/Unity/Hub/Editor/2020.2.1f1/Unity.app/Contents/Tools/UnityShaderCompiler
Launched and connected shader compiler UnityShaderCompiler after 0.02 seconds
Refreshing native plugins compatible for Editor in 0.49 ms, found 2 plugins.
Preloading 0 native plugins for Editor in 0.00 ms.
Unloading 1787 Unused Serialized files (Serialized files now loaded: 0)
System memory in use before: 142.0 MB.
System memory in use after: 141.9 MB.

Unloading 24 unused Assets to reduce memory usage. Loaded Objects now: 2226.
Total: 3.806882 ms (FindLiveObjects: 0.328148 ms CreateObjectMapping: 0.199695 ms MarkObjects: 3.117415 ms  DeleteObjects: 0.160092 ms)

========================================================================
Received Import Request.
  path: Assets/Scenes
  artifactKey: Guid(9b6eeb132b3774cb1b1ebbea9c0179c0) Importer(815301076,1909f56bfc062723c751e8b465ee728b)
Start importing Assets/Scenes using Guid(9b6eeb132b3774cb1b1ebbea9c0179c0) Importer(815301076,1909f56bfc062723c751e8b465ee728b)  -> (artifact id: '79f18c19dd1d8004c9547c68170a8ba1') in 0.005759 seconds
  Import took 0.011640 seconds .

========================================================================
Received Import Request.
  Time since last request: 0.000316 seconds.
  path: Assets/Scenes/SampleScene.unity
  artifactKey: Guid(2cda990e2423bbf4892e6590ba056729) Importer(815301076,1909f56bfc062723c751e8b465ee728b)
Start importing Assets/Scenes/SampleScene.unity using Guid(2cda990e2423bbf4892e6590ba056729) Importer(815301076,1909f56bfc062723c751e8b465ee728b)  -> (artifact id: '68e638b9c95263cbd6c5b1eb18544bd4') in 0.022836 seconds
  Import took 0.027957 seconds .

